{
  "proof_run_id": "20260408T080127Z-cycle03-cmd-frontdoor",
  "source_path_prefix": "ADF/launcher/",
  "expect_cmd_frontdoor": true,
  "total_events": 21,
  "partition_counts": [
    {
      "telemetry_partition": "proof",
      "total_events": 21
    }
  ],
  "operations": [
    {
      "operation": "launcher_runtime_preflight",
      "total_events": 5,
      "success_count": 5,
      "failure_count": 0,
      "route_stages": [
        "route"
      ],
      "step_names": [
        "runtime-preflight"
      ]
    },
    {
      "operation": "launcher_repair_step",
      "total_events": 12,
      "success_count": 12,
      "failure_count": 0,
      "route_stages": [
        "repair"
      ],
      "step_names": [
        "memory-engine repair",
        "COO repair",
        "install state"
      ]
    },
    {
      "operation": "launcher_install",
      "total_events": 2,
      "success_count": 2,
      "failure_count": 0,
      "route_stages": [
        "route"
      ],
      "step_names": [
        "install"
      ]
    },
    {
      "operation": "launcher_launch_preflight",
      "total_events": 2,
      "success_count": 2,
      "failure_count": 0,
      "route_stages": [
        "route"
      ],
      "step_names": [
        "launch-preflight"
      ]
    }
  ],
  "rows": [
    {
      "source_path": "ADF/launcher/launcher_runtime_preflight",
      "operation": "launcher_runtime_preflight",
      "latency_ms": 2611,
      "success": true,
      "created_at": "2026-04-08T08:01:30.288Z",
      "telemetry_partition": "proof",
      "workflow": "adf_launcher",
      "route_name": "runtime_preflight",
      "route_stage": "route",
      "step_name": "runtime-preflight",
      "trace_id": "d0518632-97a5-4177-80e5-ed5bb9bf380d",
      "result_status": "passed",
      "runtime_entry_surface": "explicit_runtime_preflight",
      "control_plane_kind": "direct-bash",
      "entrypoint": "adf.sh",
      "proof_run_id": "20260408T080127Z-cycle03-cmd-frontdoor"
    },
    {
      "source_path": "ADF/launcher/launcher_runtime_preflight",
      "operation": "launcher_runtime_preflight",
      "latency_ms": 2599,
      "success": true,
      "created_at": "2026-04-08T08:01:35.697Z",
      "telemetry_partition": "proof",
      "workflow": "adf_launcher",
      "route_name": "runtime_preflight",
      "route_stage": "route",
      "step_name": "runtime-preflight",
      "trace_id": "e8a277fc-6324-46f9-b2dc-d7c39ebb4d48",
      "result_status": "passed",
      "runtime_entry_surface": "explicit_runtime_preflight",
      "control_plane_kind": "windows-cmd-trampoline",
      "entrypoint": "adf.cmd",
      "proof_run_id": "20260408T080127Z-cycle03-cmd-frontdoor"
    },
    {
      "source_path": "ADF/launcher/launcher_repair_step",
      "operation": "launcher_repair_step",
      "latency_ms": 1653,
      "success": true,
      "created_at": "2026-04-08T08:01:42.175Z",
      "telemetry_partition": "proof",
      "workflow": "adf_launcher",
      "route_name": "install",
      "route_stage": "repair",
      "step_name": "memory-engine repair",
      "trace_id": "0e179723-5b4f-4070-aa6e-2d7f13f9f113",
      "result_status": "applied",
      "runtime_entry_surface": "explicit_install",
      "control_plane_kind": "direct-bash",
      "entrypoint": "adf.sh",
      "proof_run_id": "20260408T080127Z-cycle03-cmd-frontdoor"
    },
    {
      "source_path": "ADF/launcher/launcher_repair_step",
      "operation": "launcher_repair_step",
      "latency_ms": 2736,
      "success": true,
      "created_at": "2026-04-08T08:01:44.995Z",
      "telemetry_partition": "proof",
      "workflow": "adf_launcher",
      "route_name": "install",
      "route_stage": "repair",
      "step_name": "COO repair",
      "trace_id": "0e179723-5b4f-4070-aa6e-2d7f13f9f113",
      "result_status": "applied",
      "runtime_entry_surface": "explicit_install",
      "control_plane_kind": "direct-bash",
      "entrypoint": "adf.sh",
      "proof_run_id": "20260408T080127Z-cycle03-cmd-frontdoor"
    },
    {
      "source_path": "ADF/launcher/launcher_repair_step",
      "operation": "launcher_repair_step",
      "latency_ms": 619,
      "success": true,
      "created_at": "2026-04-08T08:01:48.616Z",
      "telemetry_partition": "proof",
      "workflow": "adf_launcher",
      "route_name": "install",
      "route_stage": "repair",
      "step_name": "install state",
      "trace_id": "0e179723-5b4f-4070-aa6e-2d7f13f9f113",
      "result_status": "applied",
      "runtime_entry_surface": "explicit_install",
      "control_plane_kind": "direct-bash",
      "entrypoint": "adf.sh",
      "proof_run_id": "20260408T080127Z-cycle03-cmd-frontdoor"
    },
    {
      "source_path": "ADF/launcher/launcher_runtime_preflight",
      "operation": "launcher_runtime_preflight",
      "latency_ms": 2538,
      "success": true,
      "created_at": "2026-04-08T08:01:53.674Z",
      "telemetry_partition": "proof",
      "workflow": "adf_launcher",
      "route_name": "runtime_preflight",
      "route_stage": "route",
      "step_name": "runtime-preflight",
      "trace_id": "5154cd25-960d-4695-8bac-0c51b8a78615",
      "result_status": "passed",
      "runtime_entry_surface": "install_post_repair_verify",
      "control_plane_kind": "direct-bash",
      "entrypoint": "adf.sh",
      "proof_run_id": "20260408T080127Z-cycle03-cmd-frontdoor"
    },
    {
      "source_path": "ADF/launcher/launcher_install",
      "operation": "launcher_install",
      "latency_ms": 17718,
      "success": true,
      "created_at": "2026-04-08T08:01:56.172Z",
      "telemetry_partition": "proof",
      "workflow": "adf_launcher",
      "route_name": "install",
      "route_stage": "route",
      "step_name": "install",
      "trace_id": "0e179723-5b4f-4070-aa6e-2d7f13f9f113",
      "result_status": "repaired_and_verified",
      "runtime_entry_surface": "explicit_install",
      "control_plane_kind": "direct-bash",
      "entrypoint": "adf.sh",
      "proof_run_id": "20260408T080127Z-cycle03-cmd-frontdoor"
    },
    {
      "source_path": "ADF/launcher/launcher_repair_step",
      "operation": "launcher_repair_step",
      "latency_ms": 1709,
      "success": true,
      "created_at": "2026-04-08T08:02:02.845Z",
      "telemetry_partition": "proof",
      "workflow": "adf_launcher",
      "route_name": "install",
      "route_stage": "repair",
      "step_name": "memory-engine repair",
      "trace_id": "279b5306-0961-43ab-b58a-f0f0a4c9d16d",
      "result_status": "applied",
      "runtime_entry_surface": "explicit_install",
      "control_plane_kind": "windows-cmd-trampoline",
      "entrypoint": "adf.cmd",
      "proof_run_id": "20260408T080127Z-cycle03-cmd-frontdoor"
    },
    {
      "source_path": "ADF/launcher/launcher_repair_step",
      "operation": "launcher_repair_step",
      "latency_ms": 2779,
      "success": true,
      "created_at": "2026-04-08T08:02:05.679Z",
      "telemetry_partition": "proof",
      "workflow": "adf_launcher",
      "route_name": "install",
      "route_stage": "repair",
      "step_name": "COO repair",
      "trace_id": "279b5306-0961-43ab-b58a-f0f0a4c9d16d",
      "result_status": "applied",
      "runtime_entry_surface": "explicit_install",
      "control_plane_kind": "windows-cmd-trampoline",
      "entrypoint": "adf.cmd",
      "proof_run_id": "20260408T080127Z-cycle03-cmd-frontdoor"
    },
    {
      "source_path": "ADF/launcher/launcher_repair_step",
      "operation": "launcher_repair_step",
      "latency_ms": 592,
      "success": true,
      "created_at": "2026-04-08T08:02:09.147Z",
      "telemetry_partition": "proof",
      "workflow": "adf_launcher",
      "route_name": "install",
      "route_stage": "repair",
      "step_name": "install state",
      "trace_id": "279b5306-0961-43ab-b58a-f0f0a4c9d16d",
      "result_status": "applied",
      "runtime_entry_surface": "explicit_install",
      "control_plane_kind": "windows-cmd-trampoline",
      "entrypoint": "adf.cmd",
      "proof_run_id": "20260408T080127Z-cycle03-cmd-frontdoor"
    },
    {
      "source_path": "ADF/launcher/launcher_runtime_preflight",
      "operation": "launcher_runtime_preflight",
      "latency_ms": 2569,
      "success": true,
      "created_at": "2026-04-08T08:02:14.236Z",
      "telemetry_partition": "proof",
      "workflow": "adf_launcher",
      "route_name": "runtime_preflight",
      "route_stage": "route",
      "step_name": "runtime-preflight",
      "trace_id": "4171bc64-743a-4bcd-8dd0-86ad3aed948a",
      "result_status": "passed",
      "runtime_entry_surface": "install_post_repair_verify",
      "control_plane_kind": "windows-cmd-trampoline",
      "entrypoint": "adf.cmd",
      "proof_run_id": "20260408T080127Z-cycle03-cmd-frontdoor"
    },
    {
      "source_path": "ADF/launcher/launcher_install",
      "operation": "launcher_install",
      "latency_ms": 17609,
      "success": true,
      "created_at": "2026-04-08T08:02:16.735Z",
      "telemetry_partition": "proof",
      "workflow": "adf_launcher",
      "route_name": "install",
      "route_stage": "route",
      "step_name": "install",
      "trace_id": "279b5306-0961-43ab-b58a-f0f0a4c9d16d",
      "result_status": "repaired_and_verified",
      "runtime_entry_surface": "explicit_install",
      "control_plane_kind": "windows-cmd-trampoline",
      "entrypoint": "adf.cmd",
      "proof_run_id": "20260408T080127Z-cycle03-cmd-frontdoor"
    },
    {
      "source_path": "ADF/launcher/launcher_runtime_preflight",
      "operation": "launcher_runtime_preflight",
      "latency_ms": 2651,
      "success": true,
      "created_at": "2026-04-08T08:02:22.105Z",
      "telemetry_partition": "proof",
      "workflow": "adf_launcher",
      "route_name": "runtime_preflight",
      "route_stage": "route",
      "step_name": "runtime-preflight",
      "trace_id": "bce607fd-0f80-49d7-83d1-4c6b56580faf",
      "result_status": "passed",
      "runtime_entry_surface": "explicit_runtime_preflight",
      "control_plane_kind": "direct-bash",
      "entrypoint": "adf.sh",
      "proof_run_id": "20260408T080127Z-cycle03-cmd-frontdoor"
    },
    {
      "source_path": "ADF/launcher/launcher_repair_step",
      "operation": "launcher_repair_step",
      "latency_ms": 1616,
      "success": true,
      "created_at": "2026-04-08T08:02:31.299Z",
      "telemetry_partition": "proof",
      "workflow": "adf_launcher",
      "route_name": "launch_preflight",
      "route_stage": "repair",
      "step_name": "memory-engine repair",
      "trace_id": "cd62319c-c881-4eda-bc7c-48a2e8743541",
      "result_status": "applied",
      "runtime_entry_surface": "normal_launch_preflight",
      "control_plane_kind": "direct-bash",
      "entrypoint": "adf.sh",
      "proof_run_id": "20260408T080127Z-cycle03-cmd-frontdoor"
    },
    {
      "source_path": "ADF/launcher/launcher_repair_step",
      "operation": "launcher_repair_step",
      "latency_ms": 2673,
      "success": true,
      "created_at": "2026-04-08T08:02:34.140Z",
      "telemetry_partition": "proof",
      "workflow": "adf_launcher",
      "route_name": "launch_preflight",
      "route_stage": "repair",
      "step_name": "COO repair",
      "trace_id": "cd62319c-c881-4eda-bc7c-48a2e8743541",
      "result_status": "applied",
      "runtime_entry_surface": "normal_launch_preflight",
      "control_plane_kind": "direct-bash",
      "entrypoint": "adf.sh",
      "proof_run_id": "20260408T080127Z-cycle03-cmd-frontdoor"
    },
    {
      "source_path": "ADF/launcher/launcher_repair_step",
      "operation": "launcher_repair_step",
      "latency_ms": 621,
      "success": true,
      "created_at": "2026-04-08T08:02:37.627Z",
      "telemetry_partition": "proof",
      "workflow": "adf_launcher",
      "route_name": "launch_preflight",
      "route_stage": "repair",
      "step_name": "install state",
      "trace_id": "cd62319c-c881-4eda-bc7c-48a2e8743541",
      "result_status": "applied",
      "runtime_entry_surface": "normal_launch_preflight",
      "control_plane_kind": "direct-bash",
      "entrypoint": "adf.sh",
      "proof_run_id": "20260408T080127Z-cycle03-cmd-frontdoor"
    },
    {
      "source_path": "ADF/launcher/launcher_launch_preflight",
      "operation": "launcher_launch_preflight",
      "latency_ms": 17884,
      "success": true,
      "created_at": "2026-04-08T08:02:42.782Z",
      "telemetry_partition": "proof",
      "workflow": "adf_launcher",
      "route_name": "launch_preflight",
      "route_stage": "route",
      "step_name": "launch-preflight",
      "trace_id": "cd62319c-c881-4eda-bc7c-48a2e8743541",
      "result_status": "repaired_pass",
      "runtime_entry_surface": "normal_launch_preflight",
      "control_plane_kind": "direct-bash",
      "entrypoint": "adf.sh",
      "proof_run_id": "20260408T080127Z-cycle03-cmd-frontdoor"
    },
    {
      "source_path": "ADF/launcher/launcher_repair_step",
      "operation": "launcher_repair_step",
      "latency_ms": 1648,
      "success": true,
      "created_at": "2026-04-08T08:02:54.653Z",
      "telemetry_partition": "proof",
      "workflow": "adf_launcher",
      "route_name": "launch_preflight",
      "route_stage": "repair",
      "step_name": "memory-engine repair",
      "trace_id": "dcabaa65-a7ca-48b4-a584-143268a6d887",
      "result_status": "applied",
      "runtime_entry_surface": "normal_launch_preflight",
      "control_plane_kind": "windows-cmd-trampoline",
      "entrypoint": "adf.cmd",
      "proof_run_id": "20260408T080127Z-cycle03-cmd-frontdoor"
    },
    {
      "source_path": "ADF/launcher/launcher_repair_step",
      "operation": "launcher_repair_step",
      "latency_ms": 2704,
      "success": true,
      "created_at": "2026-04-08T08:02:57.488Z",
      "telemetry_partition": "proof",
      "workflow": "adf_launcher",
      "route_name": "launch_preflight",
      "route_stage": "repair",
      "step_name": "COO repair",
      "trace_id": "dcabaa65-a7ca-48b4-a584-143268a6d887",
      "result_status": "applied",
      "runtime_entry_surface": "normal_launch_preflight",
      "control_plane_kind": "windows-cmd-trampoline",
      "entrypoint": "adf.cmd",
      "proof_run_id": "20260408T080127Z-cycle03-cmd-frontdoor"
    },
    {
      "source_path": "ADF/launcher/launcher_repair_step",
      "operation": "launcher_repair_step",
      "latency_ms": 602,
      "success": true,
      "created_at": "2026-04-08T08:03:00.989Z",
      "telemetry_partition": "proof",
      "workflow": "adf_launcher",
      "route_name": "launch_preflight",
      "route_stage": "repair",
      "step_name": "install state",
      "trace_id": "dcabaa65-a7ca-48b4-a584-143268a6d887",
      "result_status": "applied",
      "runtime_entry_surface": "normal_launch_preflight",
      "control_plane_kind": "windows-cmd-trampoline",
      "entrypoint": "adf.cmd",
      "proof_run_id": "20260408T080127Z-cycle03-cmd-frontdoor"
    },
    {
      "source_path": "ADF/launcher/launcher_launch_preflight",
      "operation": "launcher_launch_preflight",
      "latency_ms": 18017,
      "success": true,
      "created_at": "2026-04-08T08:03:06.162Z",
      "telemetry_partition": "proof",
      "workflow": "adf_launcher",
      "route_name": "launch_preflight",
      "route_stage": "route",
      "step_name": "launch-preflight",
      "trace_id": "dcabaa65-a7ca-48b4-a584-143268a6d887",
      "result_status": "repaired_pass",
      "runtime_entry_surface": "normal_launch_preflight",
      "control_plane_kind": "windows-cmd-trampoline",
      "entrypoint": "adf.cmd",
      "proof_run_id": "20260408T080127Z-cycle03-cmd-frontdoor"
    }
  ],
  "validation": {
    "expect_cmd_frontdoor": true,
    "has_proof_rows": true,
    "proof_only_partitions": true,
    "invalid_partitions": [],
    "missing_required_operations": [],
    "missing_required_route_coverage": [],
    "missing_required_repair_coverage": [],
    "has_failed_rows": false,
    "valid": true
  }
}
