# Step: 01-shell-identity
# Description: Prove the current terminal is a real bash runtime.
# StartedAt: 2026-04-03T10:08:12Z
# RepoRoot: /c/ADF
# TimeoutSeconds: 600

process_comm=
shell_argv0=docs/phase1/bash-execution-enforcement/cycle-01/run-proof-sequence.sh
BASH=/usr/bin/bash
BASH_VERSION=5.2.37(2)-release
SHELL=/usr/bin/bash
MINGW64_NT-10.0-26200
/usr/bin/bash
GNU bash, version 5.2.37(2)-release (x86_64-pc-cygwin)
Copyright (C) 2022 Free Software Foundation, Inc.
License GPLv3+: GNU GPL version 3 or later <http://gnu.org/licenses/gpl.html>

This is free software; you are free to change and redistribute it.
There is NO WARRANTY, to the extent permitted by law.
/c/ADF
?? docs/phase1/bash-execution-enforcement/cycle-01/proof-runs/

# CompletedAt: 2026-04-03T10:08:12Z
# ExitCode: 0
